<?xml version="1.0" encoding="UTF-8"?>
<!-- Generated by org.testng.reporters.JUnitXMLReporter -->
<testsuite hostname="DESKTOP-29U5Q8G" failures="1" tests="9" name="Regression" time="0.186" errors="0" timestamp="31 Dec 2023 16:45:42 GMT">
  <testcase classname="Frameworks.TestNG1" name="B" time="0.012"/>
  <testcase classname="Frameworks.TestNG1" name="Demo" time="0.003"/>
  <testcase classname="Frameworks.TestNG1" name="TimeOut" time="0.064"/>
  <testcase classname="Frameworks.TestNG3" name="LoginAIHomeLoan" time="0.014">
    <failure type="java.lang.AssertionError" message="expected [true] but found [false]">
      <![CDATA[java.lang.AssertionError: expected [true] but found [false]
	at Frameworks.TestNG3.LoginAIHomeLoan(TestNG3.java:26)
	at java.base/java.util.concurrent.FutureTask.run(FutureTask.java:264)
	at java.base/java.util.concurrent.ThreadPoolExecutor.runWorker(ThreadPoolExecutor.java:1136)
	at java.base/java.util.concurrent.ThreadPoolExecutor$Worker.run(ThreadPoolExecutor.java:635)
	at java.base/java.lang.Thread.run(Thread.java:833)
... Removed 20 stack frames]]>
    </failure>
  </testcase> <!-- LoginAIHomeLoan -->
  <testcase classname="Frameworks.TestNG3" name="MobileLogicHomeLoan" time="0.001"/>
  <testcase classname="Frameworks.TestNG3" name="MobileLogicHomeLoan" time="0.001"/>
  <testcase classname="Frameworks.TestNG3" name="MobileLogicHomeLoan" time="0.001"/>
  <testcase classname="Frameworks.TestNG3" name="WebLoginHOmeLoan" time="0.002"/>
  <testcase classname="Frameworks.TestNG1" name="A" time="0.038"/>
</testsuite> <!-- Regression -->
